nohup: ignoring input
INFO:     Will watch for changes in these directories: ['/home/sigmoid/Documents/gpttechdddemo/container-optimizer/backend']
INFO:     Uvicorn running on http://0.0.0.0:8000 (Press CTRL+C to quit)
INFO:     Started reloader process [44943] using StatReload
Process SpawnProcess-1:
Traceback (most recent call last):
  File "/usr/lib/python3.12/multiprocessing/process.py", line 314, in _bootstrap
    self.run()
  File "/usr/lib/python3.12/multiprocessing/process.py", line 108, in run
    self._target(*self._args, **self._kwargs)
  File "/home/sigmoid/Documents/gpttechdddemo/container-optimizer/backend/venv/lib/python3.12/site-packages/uvicorn/_subprocess.py", line 80, in subprocess_started
    target(sockets=sockets)
  File "/home/sigmoid/Documents/gpttechdddemo/container-optimizer/backend/venv/lib/python3.12/site-packages/uvicorn/server.py", line 67, in run
    return asyncio_run(self.serve(sockets=sockets), loop_factory=self.config.get_loop_factory())
           ^^^^^^^^^^^^^^^^^^^^^^^^^^^^^^^^^^^^^^^^^^^^^^^^^^^^^^^^^^^^^^^^^^^^^^^^^^^^^^^^^^^^^
  File "/usr/lib/python3.12/asyncio/runners.py", line 194, in run
    return runner.run(main)
           ^^^^^^^^^^^^^^^^
  File "/usr/lib/python3.12/asyncio/runners.py", line 118, in run
    return self._loop.run_until_complete(task)
           ^^^^^^^^^^^^^^^^^^^^^^^^^^^^^^^^^^^
  File "/usr/lib/python3.12/asyncio/base_events.py", line 687, in run_until_complete
    return future.result()
           ^^^^^^^^^^^^^^^
  File "/home/sigmoid/Documents/gpttechdddemo/container-optimizer/backend/venv/lib/python3.12/site-packages/uvicorn/server.py", line 71, in serve
    await self._serve(sockets)
  File "/home/sigmoid/Documents/gpttechdddemo/container-optimizer/backend/venv/lib/python3.12/site-packages/uvicorn/server.py", line 78, in _serve
    config.load()
  File "/home/sigmoid/Documents/gpttechdddemo/container-optimizer/backend/venv/lib/python3.12/site-packages/uvicorn/config.py", line 439, in load
    self.loaded_app = import_from_string(self.app)
                      ^^^^^^^^^^^^^^^^^^^^^^^^^^^^
  File "/home/sigmoid/Documents/gpttechdddemo/container-optimizer/backend/venv/lib/python3.12/site-packages/uvicorn/importer.py", line 19, in import_from_string
    module = importlib.import_module(module_str)
             ^^^^^^^^^^^^^^^^^^^^^^^^^^^^^^^^^^^
  File "/usr/lib/python3.12/importlib/__init__.py", line 90, in import_module
    return _bootstrap._gcd_import(name[level:], package, level)
           ^^^^^^^^^^^^^^^^^^^^^^^^^^^^^^^^^^^^^^^^^^^^^^^^^^^^
  File "<frozen importlib._bootstrap>", line 1387, in _gcd_import
  File "<frozen importlib._bootstrap>", line 1360, in _find_and_load
  File "<frozen importlib._bootstrap>", line 1331, in _find_and_load_unlocked
  File "<frozen importlib._bootstrap>", line 935, in _load_unlocked
  File "<frozen importlib._bootstrap_external>", line 995, in exec_module
  File "<frozen importlib._bootstrap>", line 488, in _call_with_frames_removed
  File "/home/sigmoid/Documents/gpttechdddemo/container-optimizer/backend/app/main.py", line 3, in <module>
    from app.api import containers
  File "/home/sigmoid/Documents/gpttechdddemo/container-optimizer/backend/app/api/containers.py", line 7, in <module>
    from app.core.github_service import extract_repo_info, find_dockerfile, get_file_content, full_pr_workflow, find_all_dockerfiles
ImportError: cannot import name 'full_pr_workflow' from 'app.core.github_service' (/home/sigmoid/Documents/gpttechdddemo/container-optimizer/backend/app/core/github_service.py)
WARNING:  StatReload detected changes in 'app/api/containers.py'. Reloading...
INFO:     Started server process [45066]
INFO:     Waiting for application startup.
INFO:     Application startup complete.
INFO:     127.0.0.1:57352 - "GET /api/containers HTTP/1.1" 200 OK
INFO:     Shutting down
INFO:     Waiting for application shutdown.
INFO:     Application shutdown complete.
INFO:     Finished server process [45066]
INFO:     Stopping reloader process [44943]
